<?xml version="1.0" encoding="UTF-8"?>
<!-- Generated by org.testng.reporters.JUnitReportReporter -->
<testsuite hostname="DESKTOP-T2F204L" failures="0" tests="1" name="com.testng.MyTests" time="0.008" errors="0" timestamp="2021-12-02T01:31:35 IST" skipped="0">
  <testcase classname="com.testng.MyTests" name="test" time="0.008"/>
  <system-out/>
</testsuite> <!-- com.testng.MyTests -->
