<?xml version="1.0" encoding="UTF-8"?>
<!-- Generated by org.testng.reporters.JUnitReportReporter -->
<testsuite hostname="NMUTHYAL-YJXMM" failures="0" tests="1" name="com.testng.MyTests" time="0.010" errors="0" timestamp="2021-11-08T16:31:58 IST" skipped="0">
  <testcase classname="com.testng.MyTests" name="test" time="0.010"/>
  <system-out/>
</testsuite> <!-- com.testng.MyTests -->
